0 info it worked if it ends with ok
1 verbose cli [ '/usr/local/bin/node',
1 verbose cli   '/usr/local/bin/npm',
1 verbose cli   'install',
1 verbose cli   'bower',
1 verbose cli   '-g' ]
2 info using npm@2.14.20
3 info using node@v4.4.0
4 verbose install initial load of /usr/local/lib/package.json
5 verbose readDependencies loading dependencies from /usr/local/lib/package.json
6 silly cache add args [ 'bower', null ]
7 verbose cache add spec bower
8 silly cache add parsed spec Result {
8 silly cache add   raw: 'bower',
8 silly cache add   scope: null,
8 silly cache add   name: 'bower',
8 silly cache add   rawSpec: '',
8 silly cache add   spec: 'latest',
8 silly cache add   type: 'tag' }
9 silly addNamed bower@latest
10 verbose addNamed "latest" is being treated as a dist-tag for bower
11 info addNameTag [ 'bower', 'latest' ]
12 silly mapToRegistry name bower
13 silly mapToRegistry using default registry
14 silly mapToRegistry registry https://registry.npmjs.org/
15 silly mapToRegistry uri https://registry.npmjs.org/bower
16 verbose addNameTag registry:https://registry.npmjs.org/bower not in flight; fetching
17 verbose request uri https://registry.npmjs.org/bower
18 verbose request no auth needed
19 info attempt registry request try #1 at 2:53:36 AM
20 verbose request id fed67a01eea831de
21 http request GET https://registry.npmjs.org/bower
22 http 200 https://registry.npmjs.org/bower
23 verbose headers { server: 'nginx/1.10.1',
23 verbose headers   'content-type': 'application/json',
23 verbose headers   'last-modified': 'Fri, 10 Mar 2017 15:59:54 GMT',
23 verbose headers   etag: 'W/"58c2cd7a-2aef1"',
23 verbose headers   'content-encoding': 'gzip',
23 verbose headers   'cache-control': 'max-age=300',
23 verbose headers   'content-length': '16604',
23 verbose headers   'accept-ranges': 'bytes',
23 verbose headers   date: 'Sat, 11 Mar 2017 09:53:36 GMT',
23 verbose headers   via: '1.1 varnish',
23 verbose headers   age: '194',
23 verbose headers   connection: 'keep-alive',
23 verbose headers   'x-served-by': 'cache-sea1038-SEA',
23 verbose headers   'x-cache': 'HIT',
23 verbose headers   'x-cache-hits': '1',
23 verbose headers   'x-timer': 'S1489226016.849985,VS0,VE0',
23 verbose headers   vary: 'Accept-Encoding' }
24 silly get cb [ 200,
24 silly get   { server: 'nginx/1.10.1',
24 silly get     'content-type': 'application/json',
24 silly get     'last-modified': 'Fri, 10 Mar 2017 15:59:54 GMT',
24 silly get     etag: 'W/"58c2cd7a-2aef1"',
24 silly get     'content-encoding': 'gzip',
24 silly get     'cache-control': 'max-age=300',
24 silly get     'content-length': '16604',
24 silly get     'accept-ranges': 'bytes',
24 silly get     date: 'Sat, 11 Mar 2017 09:53:36 GMT',
24 silly get     via: '1.1 varnish',
24 silly get     age: '194',
24 silly get     connection: 'keep-alive',
24 silly get     'x-served-by': 'cache-sea1038-SEA',
24 silly get     'x-cache': 'HIT',
24 silly get     'x-cache-hits': '1',
24 silly get     'x-timer': 'S1489226016.849985,VS0,VE0',
24 silly get     vary: 'Accept-Encoding' } ]
25 verbose get saving bower to /Users/HM/.npm/registry.npmjs.org/bower/.cache.json
26 verbose correctMkdir /Users/HM/.npm correctMkdir not in flight; initializing
27 silly addNameTag next cb for bower with tag latest
28 silly addNamed bower@1.8.0
29 verbose addNamed "1.8.0" is a plain semver version for bower
30 silly mapToRegistry name bower
31 silly mapToRegistry using default registry
32 silly mapToRegistry registry https://registry.npmjs.org/
33 silly mapToRegistry uri https://registry.npmjs.org/bower
34 verbose addRemoteTarball https://registry.npmjs.org/bower/-/bower-1.8.0.tgz not in flight; adding
35 verbose addRemoteTarball [ 'https://registry.npmjs.org/bower/-/bower-1.8.0.tgz',
35 verbose addRemoteTarball   '55dbebef0ad9155382d9e9d3e497c1372345b44a' ]
36 info retry fetch attempt 1 at 2:53:36 AM
37 info attempt registry request try #1 at 2:53:36 AM
38 http fetch GET https://registry.npmjs.org/bower/-/bower-1.8.0.tgz
39 http fetch 200 https://registry.npmjs.org/bower/-/bower-1.8.0.tgz
40 silly fetchAndShaCheck shasum 55dbebef0ad9155382d9e9d3e497c1372345b44a
41 verbose addTmpTarball /var/folders/vz/m_rmd8k94_9443z7sh9q0x200000gn/T/npm-22959-b793bd80/registry.npmjs.org/bower/-/bower-1.8.0.tgz not in flight; adding
42 verbose addTmpTarball already have metadata; skipping unpack for bower@1.8.0
43 verbose correctMkdir /Users/HM/.npm correctMkdir not in flight; initializing
44 silly cache afterAdd bower@1.8.0
45 verbose afterAdd /Users/HM/.npm/bower/1.8.0/package/package.json not in flight; writing
46 verbose correctMkdir /Users/HM/.npm correctMkdir not in flight; initializing
47 verbose afterAdd /Users/HM/.npm/bower/1.8.0/package/package.json written
48 silly install resolved [ { name: 'bower',
48 silly install resolved     version: '1.8.0',
48 silly install resolved     description: 'The browser package manager',
48 silly install resolved     author: { name: 'Twitter' },
48 silly install resolved     license: 'MIT',
48 silly install resolved     repository: { type: 'git', url: 'git+https://github.com/bower/bower.git' },
48 silly install resolved     main: 'lib',
48 silly install resolved     bin: { bower: 'bin/bower' },
48 silly install resolved     homepage: 'http://bower.io',
48 silly install resolved     engines: { node: '>=0.10.0' },
48 silly install resolved     keywords: [ 'bower' ],
48 silly install resolved     files: [ 'bin', 'lib' ],
48 silly install resolved     bugs: { url: 'https://github.com/bower/bower/issues' },
48 silly install resolved     _id: 'bower@1.8.0',
48 silly install resolved     scripts: {},
48 silly install resolved     _shasum: '55dbebef0ad9155382d9e9d3e497c1372345b44a',
48 silly install resolved     _from: 'bower@latest',
48 silly install resolved     _npmVersion: '3.10.9',
48 silly install resolved     _nodeVersion: '4.4.6',
48 silly install resolved     _npmUser: { name: 'sheerun', email: 'sheerun@sher.pl' },
48 silly install resolved     dist:
48 silly install resolved      { shasum: '55dbebef0ad9155382d9e9d3e497c1372345b44a',
48 silly install resolved        tarball: 'https://registry.npmjs.org/bower/-/bower-1.8.0.tgz' },
48 silly install resolved     maintainers:
48 silly install resolved      [ [Object],
48 silly install resolved        [Object],
48 silly install resolved        [Object],
48 silly install resolved        [Object],
48 silly install resolved        [Object],
48 silly install resolved        [Object],
48 silly install resolved        [Object] ],
48 silly install resolved     _npmOperationalInternal:
48 silly install resolved      { host: 'packages-18-east.internal.npmjs.com',
48 silly install resolved        tmp: 'tmp/bower-1.8.0.tgz_1478512918020_0.7136248126626015' },
48 silly install resolved     directories: {},
48 silly install resolved     _resolved: 'https://registry.npmjs.org/bower/-/bower-1.8.0.tgz' } ]
49 info install bower@1.8.0 into /usr/local/lib
50 info installOne bower@1.8.0
51 verbose installOne of bower to /usr/local/lib not in flight; installing
52 verbose correctMkdir /Users/HM/.npm/_locks correctMkdir not in flight; initializing
53 verbose lock using /Users/HM/.npm/_locks/bower-e8debc5417026b57.lock for /usr/local/lib/node_modules/bower
54 silly install write writing bower 1.8.0 to /usr/local/lib/node_modules/bower
55 verbose unbuild lib/node_modules/bower
56 silly gentlyRm /usr/local/lib/node_modules/bower is being purged from base /usr/local
57 verbose gentlyRm don't care about contents; nuking /usr/local/lib/node_modules/bower
58 verbose tar unpack /Users/HM/.npm/bower/1.8.0/package.tgz
59 verbose tar unpacking to /usr/local/lib/node_modules/bower
60 silly gentlyRm /usr/local/lib/node_modules/bower is being purged
61 verbose gentlyRm don't care about contents; nuking /usr/local/lib/node_modules/bower
62 silly gunzTarPerm modes [ '755', '644' ]
63 error tar.unpack untar error /Users/HM/.npm/bower/1.8.0/package.tgz
64 verbose unlock done using /Users/HM/.npm/_locks/bower-e8debc5417026b57.lock for /usr/local/lib/node_modules/bower
65 verbose fstream_path /usr/local/lib/node_modules/bower
66 verbose fstream_type Directory
67 verbose fstream_class DirWriter
68 verbose stack Error: EACCES: permission denied, mkdir '/usr/local/lib/node_modules/bower'
68 verbose stack     at Error (native)
69 verbose fstream_stack /usr/local/lib/node_modules/npm/node_modules/fstream/lib/dir-writer.js:35:25
69 verbose fstream_stack /usr/local/lib/node_modules/npm/node_modules/mkdirp/index.js:47:53
69 verbose fstream_stack FSReqWrap.oncomplete (fs.js:82:15)
70 verbose cwd /Users/HM/Google Drive/MOOCs/PluralSight/Building_Web_Applications_with_Node.js_and_Express_4.0/WebDevNodejs
71 error Darwin 16.3.0
72 error argv "/usr/local/bin/node" "/usr/local/bin/npm" "install" "bower" "-g"
73 error node v4.4.0
74 error npm  v2.14.20
75 error path /usr/local/lib/node_modules/bower
76 error code EACCES
77 error errno -13
78 error syscall mkdir
79 error Error: EACCES: permission denied, mkdir '/usr/local/lib/node_modules/bower'
79 error     at Error (native)
79 error  { [Error: EACCES: permission denied, mkdir '/usr/local/lib/node_modules/bower']
79 error   errno: -13,
79 error   code: 'EACCES',
79 error   syscall: 'mkdir',
79 error   path: '/usr/local/lib/node_modules/bower',
79 error   fstream_type: 'Directory',
79 error   fstream_path: '/usr/local/lib/node_modules/bower',
79 error   fstream_class: 'DirWriter',
79 error   fstream_stack:
79 error    [ '/usr/local/lib/node_modules/npm/node_modules/fstream/lib/dir-writer.js:35:25',
79 error      '/usr/local/lib/node_modules/npm/node_modules/mkdirp/index.js:47:53',
79 error      'FSReqWrap.oncomplete (fs.js:82:15)' ] }
80 error Please try running this command again as root/Administrator.
81 verbose exit [ -13, true ]
82 verbose unbuild lib/node_modules/bower
83 silly gentlyRm /usr/local/lib/node_modules/bower is being purged from base /usr/local
84 verbose gentlyRm don't care about contents; nuking /usr/local/lib/node_modules/bower
